2023-11-01 12:59:41,879 - ERROR - name 'click' is not defined
2023-11-01 13:01:01,891 - ERROR - name 'prompt' is not defined
2023-11-01 13:01:56,783 - ERROR - name 'prompt' is not defined
2023-11-01 13:02:50,024 - ERROR - name 'prompt' is not defined
2023-11-01 13:03:28,929 - ERROR - name 'prompt' is not defined
2023-11-01 13:03:50,839 - ERROR - name 'prompt' is not defined
2023-11-01 13:04:01,035 - ERROR - name 'prompt' is not defined
2023-11-01 13:04:23,788 - ERROR - name 'prompt' is not defined
2023-11-01 13:05:09,542 - ERROR - name 'prompt' is not defined
2023-11-01 13:07:17,322 - ERROR - name 'prompt' is not defined
2023-11-01 13:09:00,753 - ERROR - name 'prompt' is not defined
2023-11-01 13:09:49,467 - ERROR - name 'prompt' is not defined
2023-11-01 13:09:51,938 - ERROR - name 'prompt' is not defined
2023-11-01 16:02:55,357 - ERROR - name 'prompt' is not defined
2023-11-01 16:03:17,584 - ERROR - name 'prompt' is not defined
2023-11-01 16:03:26,317 - ERROR - name 'prompt' is not defined
2023-11-01 16:03:46,467 - ERROR - name 'prompt' is not defined
2023-11-01 16:04:24,317 - ERROR - name 'prompt' is not defined
2023-11-01 16:04:54,382 - ERROR - name 'prompt' is not defined
2023-11-01 16:04:59,144 - ERROR - name 'prompt' is not defined
2023-11-01 16:05:04,789 - ERROR - name 'prompt' is not defined
2023-11-01 16:05:09,112 - ERROR - name 'prompt' is not defined
2023-11-01 16:05:44,757 - ERROR - name 'IntRange' is not defined
2023-11-01 16:06:28,321 - ERROR - 
2023-11-01 16:07:01,519 - ERROR - 
2023-11-01 16:07:37,896 - ERROR - 
2023-11-01 16:07:41,154 - ERROR - 
2023-11-01 16:07:44,452 - ERROR - 
2023-11-01 16:09:01,034 - ERROR - 
2023-11-01 16:09:21,442 - ERROR - 
2023-11-01 16:09:23,225 - ERROR - 
2023-11-01 17:36:56,757 - ERROR - 
2023-11-01 17:41:05,237 - ERROR - 
2023-11-01 17:41:14,243 - ERROR - 
2023-11-01 17:42:08,362 - ERROR - 
2023-11-01 17:42:30,811 - ERROR - 
2023-11-01 17:42:32,833 - ERROR - 
2023-11-01 17:42:52,886 - ERROR - 
2023-11-01 17:47:29,827 - ERROR - 
2023-11-01 17:48:01,673 - ERROR - 
2023-11-01 17:48:07,692 - ERROR - 
2023-11-01 17:49:43,061 - ERROR - 
2023-11-01 17:50:17,822 - ERROR - 
2023-11-01 17:50:20,819 - ERROR - 
2023-11-01 17:50:32,273 - ERROR - 
2023-11-01 17:50:44,738 - ERROR - 
2023-11-01 17:50:57,562 - ERROR - 
2023-11-01 17:51:06,638 - ERROR - 
2023-11-02 19:15:40,027 - ERROR - 
2023-11-02 19:17:34,539 - ERROR - 
2023-11-03 11:12:14,883 - ERROR - cannot access local variable 'keyword' where it is not associated with a value
2023-11-03 11:19:43,589 - ERROR - unsupported operand type(s) for /: 'str' and 'str'
2023-11-03 17:41:42,217 - ERROR - 
2023-11-08 11:09:30,059 - ERROR - 
2023-11-20 15:50:17,275 - ERROR - 
